android/app/build/intermediates/manifest_merge_blame_file/debug/manifest-merger-blame-debug-report.txt
1<?xml version="1.0" encoding="utf-8"?>
2<manifest xmlns:android="http://schemas.android.com/apk/res/android"
3    package="com.example.aplicacion_maps"
4    android:versionCode="1"
5    android:versionName="1.0.0" >
6
7    <uses-sdk
8        android:minSdkVersion="20"
9        android:targetSdkVersion="34" />
10    <!--
11         The INTERNET permission is required for development. Specifically,
12         the Flutter tool needs it to communicate with the running application
13         to allow setting breakpoints, to provide hot reload, etc.
14    -->
15    <uses-permission android:name="android.permission.INTERNET" />
15-->src\main\AndroidManifest.xml:4:5-66
15-->src\main\AndroidManifest.xml:4:22-64
16    <uses-permission android:name="android.permission.ACCESS_FINE_LOCATION" />
16-->src\main\AndroidManifest.xml:5:5-78
16-->src\main\AndroidManifest.xml:5:22-76
17    <uses-permission android:name="android.permission.ACCESS_COARSE_LOCATION" />
17-->src\main\AndroidManifest.xml:6:5-80
17-->src\main\AndroidManifest.xml:6:22-78
18    <uses-permission android:name="android.permission.ACCESS_NETWORK_STATE" />
18-->src\main\AndroidManifest.xml:7:5-78
18-->src\main\AndroidManifest.xml:7:22-76
19    <uses-permission android:name="android.permission.ACCESS_WIFI_STATE" />
19-->src\main\AndroidManifest.xml:8:5-75
19-->src\main\AndroidManifest.xml:8:22-73
20    <uses-permission android:name="android.permission.ACCESS_FINE_LOCATION" />
20-->src\main\AndroidManifest.xml:5:5-78
20-->src\main\AndroidManifest.xml:5:22-76
21    <uses-permission android:name="android.permission.ACCESS_COARSE_LOCATION" /> <!-- Required to query activities that can process text -->
21-->src\main\AndroidManifest.xml:6:5-80
21-->src\main\AndroidManifest.xml:6:22-78
22    <queries>
22-->src\main\AndroidManifest.xml:46:5-51:15
23        <intent>
23-->src\main\AndroidManifest.xml:47:9-50:18
24            <action android:name="android.intent.action.PROCESS_TEXT" />
24-->src\main\AndroidManifest.xml:48:13-72
24-->src\main\AndroidManifest.xml:48:21-70
25
26            <data android:mimeType="text/plain" />
26-->src\main\AndroidManifest.xml:49:13-50
26-->src\main\AndroidManifest.xml:49:19-48
27        </intent>
28        <!-- Needs to be explicitly declared on Android R+ -->
29        <package android:name="com.google.android.apps.maps" />
29-->[com.google.android.gms:play-services-maps:18.2.0] AndroidManifest.xml:33:9-64
29-->[com.google.android.gms:play-services-maps:18.2.0] AndroidManifest.xml:33:18-61
30    </queries>
31
32    <uses-feature
32-->[com.google.android.gms:play-services-maps:18.2.0] AndroidManifest.xml:26:5-28:35
33        android:glEsVersion="0x00020000"
33-->[com.google.android.gms:play-services-maps:18.2.0] AndroidManifest.xml:27:9-41
34        android:required="true" />
34-->[com.google.android.gms:play-services-maps:18.2.0] AndroidManifest.xml:28:9-32
35
36    <permission
36-->[androidx.core:core:1.13.0] AndroidManifest.xml:22:5-24:47
37        android:name="com.example.aplicacion_maps.DYNAMIC_RECEIVER_NOT_EXPORTED_PERMISSION"
37-->[androidx.core:core:1.13.0] AndroidManifest.xml:23:9-81
38        android:protectionLevel="signature" />
38-->[androidx.core:core:1.13.0] AndroidManifest.xml:24:9-44
39
40    <uses-permission android:name="com.example.aplicacion_maps.DYNAMIC_RECEIVER_NOT_EXPORTED_PERMISSION" />
40-->[androidx.core:core:1.13.0] AndroidManifest.xml:26:5-97
40-->[androidx.core:core:1.13.0] AndroidManifest.xml:26:22-94
41
42    <application
43        android:name="android.app.Application"
44        android:appComponentFactory="androidx.core.app.CoreComponentFactory"
44-->[androidx.core:core:1.13.0] AndroidManifest.xml:28:18-86
45        android:debuggable="true"
46        android:icon="@mipmap/ic_launcher"
47        android:label="aplicacion_maps" >
48
49        <!-- API Key for Google Maps -->
50        <meta-data
51            android:name="com.google.android.geo.API_KEY"
52            android:value="AIzaSyB2NZkn2TWqFWAAeZdtgAWGKAz8MQCf4S8" />
53
54        <activity
55            android:name="com.example.aplicacion_maps.MainActivity"
56            android:configChanges="orientation|keyboardHidden|keyboard|screenSize|smallestScreenSize|locale|layoutDirection|fontScale|screenLayout|density|uiMode"
57            android:exported="true"
58            android:hardwareAccelerated="true"
59            android:launchMode="singleTop"
60            android:taskAffinity=""
61            android:theme="@style/LaunchTheme"
62            android:windowSoftInputMode="adjustResize" >
63            <intent-filter>
64                <action android:name="android.intent.action.MAIN" />
65
66                <category android:name="android.intent.category.LAUNCHER" />
67            </intent-filter>
68        </activity>
69        <!-- Flutter embedding -->
70        <meta-data
71            android:name="flutterEmbedding"
72            android:value="2" />
73
74        <service
74-->[:geolocator_android] AndroidManifest.xml:10:9-14:56
75            android:name="com.baseflow.geolocator.GeolocatorLocationService"
75-->[:geolocator_android] AndroidManifest.xml:11:13-77
76            android:enabled="true"
76-->[:geolocator_android] AndroidManifest.xml:12:13-35
77            android:exported="false"
77-->[:geolocator_android] AndroidManifest.xml:13:13-37
78            android:foregroundServiceType="location" />
78-->[:geolocator_android] AndroidManifest.xml:14:13-53
79
80        <uses-library
80-->[androidx.window:window:1.0.0-beta04] AndroidManifest.xml:25:9-27:40
81            android:name="androidx.window.extensions"
81-->[androidx.window:window:1.0.0-beta04] AndroidManifest.xml:26:13-54
82            android:required="false" />
82-->[androidx.window:window:1.0.0-beta04] AndroidManifest.xml:27:13-37
83        <uses-library
83-->[androidx.window:window:1.0.0-beta04] AndroidManifest.xml:28:9-30:40
84            android:name="androidx.window.sidecar"
84-->[androidx.window:window:1.0.0-beta04] AndroidManifest.xml:29:13-51
85            android:required="false" /> <!-- Needs to be explicitly declared on P+ -->
85-->[androidx.window:window:1.0.0-beta04] AndroidManifest.xml:30:13-37
86        <uses-library
86-->[com.google.android.gms:play-services-maps:18.2.0] AndroidManifest.xml:39:9-41:40
87            android:name="org.apache.http.legacy"
87-->[com.google.android.gms:play-services-maps:18.2.0] AndroidManifest.xml:40:13-50
88            android:required="false" />
88-->[com.google.android.gms:play-services-maps:18.2.0] AndroidManifest.xml:41:13-37
89
90        <activity
90-->[com.google.android.gms:play-services-base:18.3.0] AndroidManifest.xml:20:9-22:45
91            android:name="com.google.android.gms.common.api.GoogleApiActivity"
91-->[com.google.android.gms:play-services-base:18.3.0] AndroidManifest.xml:20:19-85
92            android:exported="false"
92-->[com.google.android.gms:play-services-base:18.3.0] AndroidManifest.xml:22:19-43
93            android:theme="@android:style/Theme.Translucent.NoTitleBar" />
93-->[com.google.android.gms:play-services-base:18.3.0] AndroidManifest.xml:21:19-78
94
95        <meta-data
95-->[com.google.android.gms:play-services-basement:18.3.0] AndroidManifest.xml:21:9-23:69
96            android:name="com.google.android.gms.version"
96-->[com.google.android.gms:play-services-basement:18.3.0] AndroidManifest.xml:22:13-58
97            android:value="@integer/google_play_services_version" />
97-->[com.google.android.gms:play-services-basement:18.3.0] AndroidManifest.xml:23:13-66
98
99        <provider
99-->[androidx.profileinstaller:profileinstaller:1.3.0] AndroidManifest.xml:24:9-32:20
100            android:name="androidx.startup.InitializationProvider"
100-->[androidx.profileinstaller:profileinstaller:1.3.0] AndroidManifest.xml:25:13-67
101            android:authorities="com.example.aplicacion_maps.androidx-startup"
101-->[androidx.profileinstaller:profileinstaller:1.3.0] AndroidManifest.xml:26:13-68
102            android:exported="false" >
102-->[androidx.profileinstaller:profileinstaller:1.3.0] AndroidManifest.xml:27:13-37
103            <meta-data
103-->[androidx.profileinstaller:profileinstaller:1.3.0] AndroidManifest.xml:29:13-31:52
104                android:name="androidx.profileinstaller.ProfileInstallerInitializer"
104-->[androidx.profileinstaller:profileinstaller:1.3.0] AndroidManifest.xml:30:17-85
105                android:value="androidx.startup" />
105-->[androidx.profileinstaller:profileinstaller:1.3.0] AndroidManifest.xml:31:17-49
106        </provider>
107
108        <receiver
108-->[androidx.profileinstaller:profileinstaller:1.3.0] AndroidManifest.xml:34:9-52:20
109            android:name="androidx.profileinstaller.ProfileInstallReceiver"
109-->[androidx.profileinstaller:profileinstaller:1.3.0] AndroidManifest.xml:35:13-76
110            android:directBootAware="false"
110-->[androidx.profileinstaller:profileinstaller:1.3.0] AndroidManifest.xml:36:13-44
111            android:enabled="true"
111-->[androidx.profileinstaller:profileinstaller:1.3.0] AndroidManifest.xml:37:13-35
112            android:exported="true"
112-->[androidx.profileinstaller:profileinstaller:1.3.0] AndroidManifest.xml:38:13-36
113            android:permission="android.permission.DUMP" >
113-->[androidx.profileinstaller:profileinstaller:1.3.0] AndroidManifest.xml:39:13-57
114            <intent-filter>
114-->[androidx.profileinstaller:profileinstaller:1.3.0] AndroidManifest.xml:40:13-42:29
115                <action android:name="androidx.profileinstaller.action.INSTALL_PROFILE" />
115-->[androidx.profileinstaller:profileinstaller:1.3.0] AndroidManifest.xml:41:17-91
115-->[androidx.profileinstaller:profileinstaller:1.3.0] AndroidManifest.xml:41:25-88
116            </intent-filter>
117            <intent-filter>
117-->[androidx.profileinstaller:profileinstaller:1.3.0] AndroidManifest.xml:43:13-45:29
118                <action android:name="androidx.profileinstaller.action.SKIP_FILE" />
118-->[androidx.profileinstaller:profileinstaller:1.3.0] AndroidManifest.xml:44:17-85
118-->[androidx.profileinstaller:profileinstaller:1.3.0] AndroidManifest.xml:44:25-82
119            </intent-filter>
120            <intent-filter>
120-->[androidx.profileinstaller:profileinstaller:1.3.0] AndroidManifest.xml:46:13-48:29
121                <action android:name="androidx.profileinstaller.action.SAVE_PROFILE" />
121-->[androidx.profileinstaller:profileinstaller:1.3.0] AndroidManifest.xml:47:17-88
121-->[androidx.profileinstaller:profileinstaller:1.3.0] AndroidManifest.xml:47:25-85
122            </intent-filter>
123            <intent-filter>
123-->[androidx.profileinstaller:profileinstaller:1.3.0] AndroidManifest.xml:49:13-51:29
124                <action android:name="androidx.profileinstaller.action.BENCHMARK_OPERATION" />
124-->[androidx.profileinstaller:profileinstaller:1.3.0] AndroidManifest.xml:50:17-95
124-->[androidx.profileinstaller:profileinstaller:1.3.0] AndroidManifest.xml:50:25-92
125            </intent-filter>
126        </receiver>
127    </application>
128
129</manifest>